c:\users\戴嘉震\documents\190800.1.0\switcher\release\vc142.pdb
c:\users\戴嘉震\documents\190800.1.0\switcher\release\.netframework,version=v4.5.2.assemblyattributes.obj
c:\users\戴嘉震\documents\190800.1.0\switcher\release\myform.obj
c:\users\戴嘉震\documents\190800.1.0\switcher\release\formabout.obj
c:\users\戴嘉震\documents\190800.1.0\switcher\release\credits.obj
c:\users\戴嘉震\documents\190800.1.0\switcher\release\checklang.obj
c:\users\戴嘉震\documents\190800.1.0\release\switcher.exe
c:\users\戴嘉震\documents\190800.1.0\release\switcher.pdb
c:\users\戴嘉震\documents\190800.1.0\switcher\release\resource.res
c:\users\戴嘉震\documents\190800.1.0\switcher\release\switcher.checklang.resources
c:\users\戴嘉震\documents\190800.1.0\switcher\release\switcher.credits.resources
c:\users\戴嘉震\documents\190800.1.0\switcher\release\switcher.formabout.resources
c:\users\戴嘉震\documents\190800.1.0\switcher\release\switcher.myform.resources
c:\users\戴嘉震\documents\190800.1.0\switcher\release\switcher.credits.en.resources
c:\users\戴嘉震\documents\190800.1.0\switcher\release\switcher.credits.zh.resources
c:\users\戴嘉震\documents\190800.1.0\switcher\release\switcher.formabout.en.resources
c:\users\戴嘉震\documents\190800.1.0\switcher\release\switcher.formabout.zh.resources
c:\users\戴嘉震\documents\190800.1.0\switcher\release\switcher.myform.en.resources
c:\users\戴嘉震\documents\190800.1.0\switcher\release\switcher.myform.zh.resources
c:\users\戴嘉震\documents\190800.1.0\release\en\switcher.resources.dll
c:\users\戴嘉震\documents\190800.1.0\release\zh\switcher.resources.dll
c:\users\戴嘉震\documents\190800.1.0\switcher\release\switcher.tlog\cl.command.1.tlog
c:\users\戴嘉震\documents\190800.1.0\switcher\release\switcher.tlog\cl.read.1.tlog
c:\users\戴嘉震\documents\190800.1.0\switcher\release\switcher.tlog\cl.write.1.tlog
c:\users\戴嘉震\documents\190800.1.0\switcher\release\switcher.tlog\link.command.1.tlog
c:\users\戴嘉震\documents\190800.1.0\switcher\release\switcher.tlog\link.read.1.tlog
c:\users\戴嘉震\documents\190800.1.0\switcher\release\switcher.tlog\link.write.1.tlog
c:\users\戴嘉震\documents\190800.1.0\switcher\release\switcher.tlog\metagen.read.1.tlog
c:\users\戴嘉震\documents\190800.1.0\switcher\release\switcher.tlog\metagen.write.1.tlog
c:\users\戴嘉震\documents\190800.1.0\switcher\release\switcher.tlog\rc.command.1.tlog
c:\users\戴嘉震\documents\190800.1.0\switcher\release\switcher.tlog\rc.read.1.tlog
c:\users\戴嘉震\documents\190800.1.0\switcher\release\switcher.tlog\rc.write.1.tlog
c:\users\戴嘉震\documents\190800.1.0\switcher\release\switcher.tlog\switcher.write.1u.tlog
