f:\djz project\switcher\release\activator.ipdb
f:\djz project\switcher\release\activator.iobj
f:\djz project\activator\activator\release\vc142.pdb
f:\djz project\activator\activator\release\activator.obj
f:\djz project\switcher\release\activator.exe
f:\djz project\switcher\release\activator.pdb
f:\djz project\activator\activator\release\resource.res
c:\users\戴嘉震\documents\activator\activator\release\activator.obj
c:\users\戴嘉震\documents\activator\activator\release\resource.res
c:\users\戴嘉震\documents\activator\activator\release\vc142.pdb
c:\users\戴嘉震\documents\activator\activator\release\activator.tlog\activator.write.1u.tlog
c:\users\戴嘉震\documents\activator\activator\release\activator.tlog\cl.command.1.tlog
c:\users\戴嘉震\documents\activator\activator\release\activator.tlog\cl.read.1.tlog
c:\users\戴嘉震\documents\activator\activator\release\activator.tlog\cl.write.1.tlog
c:\users\戴嘉震\documents\activator\activator\release\activator.tlog\link.command.1.tlog
c:\users\戴嘉震\documents\activator\activator\release\activator.tlog\link.read.1.tlog
c:\users\戴嘉震\documents\activator\activator\release\activator.tlog\link.write.1.tlog
c:\users\戴嘉震\documents\activator\activator\release\activator.tlog\rc.command.1.tlog
c:\users\戴嘉震\documents\activator\activator\release\activator.tlog\rc.read.1.tlog
c:\users\戴嘉震\documents\activator\activator\release\activator.tlog\rc.write.1.tlog
