f:\switcher\switcher\release\vc142.pdb
f:\switcher\switcher\release\.netframework,version=v4.5.2.assemblyattributes.obj
f:\switcher\switcher\release\.netframework,version=v4.5.2.assemblyattributes.asm
f:\switcher\switcher\release\myform.obj
f:\switcher\switcher\release\formabout.obj
f:\switcher\release\switcher.exe
f:\switcher\release\switcher.pdb
f:\switcher\switcher\release\resource.res
f:\switcher\switcher\release\switcher.formabout.resources
f:\switcher\switcher\release\switcher.myform.resources
f:\switcher\switcher\release\switcher.vcxproj.generateresource.cache
f:\switcher\switcher\release\switcher.vcxprojassemblyreference.cache
f:\switcher\switcher\release\switcher.tlog\cl.command.1.tlog
f:\switcher\switcher\release\switcher.tlog\cl.read.1.tlog
f:\switcher\switcher\release\switcher.tlog\cl.write.1.tlog
f:\switcher\switcher\release\switcher.tlog\link.command.1.tlog
f:\switcher\switcher\release\switcher.tlog\link.delete.1.tlog
f:\switcher\switcher\release\switcher.tlog\link.read.1.tlog
f:\switcher\switcher\release\switcher.tlog\link.write.1.tlog
f:\switcher\switcher\release\switcher.tlog\metagen.read.1.tlog
f:\switcher\switcher\release\switcher.tlog\metagen.write.1.tlog
f:\switcher\switcher\release\switcher.tlog\rc.command.1.tlog
f:\switcher\switcher\release\switcher.tlog\rc.read.1.tlog
f:\switcher\switcher\release\switcher.tlog\rc.write.1.tlog
f:\switcher\switcher\release\switcher.tlog\switcher.write.1u.tlog
