d:\djz projects\aas&肖亚林switcher\switcher gui\updater\updater\release\updater.pch
d:\djz projects\aas&肖亚林switcher\switcher gui\updater\updater\release\stdafx.obj
d:\djz projects\aas&肖亚林switcher\switcher gui\updater\updater\release\vc100.pdb
d:\djz projects\aas&肖亚林switcher\switcher gui\updater\updater\release\updater.obj
d:\djz projects\aas&肖亚林switcher\switcher gui\updater\release\updater.exe
d:\djz projects\aas&肖亚林switcher\switcher gui\updater\updater\release\updater.exe.intermediate.manifest
d:\djz projects\aas&肖亚林switcher\switcher gui\updater\release\updater.pdb
d:\djz projects\aas&肖亚林switcher\switcher gui\updater\updater\release\vc142.pdb
d:\djz projects\aas&肖亚林switcher\switcher gui\updater\release\updater.ipdb
d:\djz projects\aas&肖亚林switcher\switcher gui\updater\release\updater.iobj
d:\djz projects\aas&肖亚林switcher\switcher gui\updater\updater\release\cl.command.1.tlog
d:\djz projects\aas&肖亚林switcher\switcher gui\updater\updater\release\cl.read.1.tlog
d:\djz projects\aas&肖亚林switcher\switcher gui\updater\updater\release\cl.write.1.tlog
d:\djz projects\aas&肖亚林switcher\switcher gui\updater\updater\release\link.command.1.tlog
d:\djz projects\aas&肖亚林switcher\switcher gui\updater\updater\release\link.read.1.tlog
d:\djz projects\aas&肖亚林switcher\switcher gui\updater\updater\release\link.write.1.tlog
d:\djz projects\aas&肖亚林switcher\switcher gui\updater\updater\release\mt.command.1.tlog
d:\djz projects\aas&肖亚林switcher\switcher gui\updater\updater\release\mt.read.1.tlog
d:\djz projects\aas&肖亚林switcher\switcher gui\updater\updater\release\mt.write.1.tlog
d:\djz projects\aas&肖亚林switcher\switcher gui\updater\updater\release\updater.write.1.tlog
d:\djz projects\aas&肖亚林switcher\switcher gui\updater\updater\release\updater.tlog\cl.command.1.tlog
d:\djz projects\aas&肖亚林switcher\switcher gui\updater\updater\release\updater.tlog\cl.read.1.tlog
d:\djz projects\aas&肖亚林switcher\switcher gui\updater\updater\release\updater.tlog\cl.write.1.tlog
d:\djz projects\aas&肖亚林switcher\switcher gui\updater\updater\release\updater.tlog\link.command.1.tlog
d:\djz projects\aas&肖亚林switcher\switcher gui\updater\updater\release\updater.tlog\link.delete.1.tlog
d:\djz projects\aas&肖亚林switcher\switcher gui\updater\updater\release\updater.tlog\link.read.1.tlog
d:\djz projects\aas&肖亚林switcher\switcher gui\updater\updater\release\updater.tlog\link.write.1.tlog
d:\djz projects\aas&肖亚林switcher\switcher gui\updater\updater\release\updater.tlog\updater.write.1u.tlog
