c:\users\戴嘉震\documents\updater\updater\release\updater.pch
c:\users\戴嘉震\documents\updater\updater\release\vc142.pdb
c:\users\戴嘉震\documents\updater\updater\release\stdafx.obj
c:\users\戴嘉震\documents\updater\updater\release\updater.obj
c:\users\戴嘉震\documents\190800.1.0\release\updater.exe
c:\users\戴嘉震\documents\190800.1.0\release\updater.pdb
c:\users\戴嘉震\documents\updater\updater\release\resource.res
c:\users\戴嘉震\documents\190800.1.0\release\updater.ipdb
c:\users\戴嘉震\documents\190800.1.0\release\updater.iobj
c:\users\戴嘉震\documents\200808.1.0\release\updater.pdb
c:\users\戴嘉震\documents\updater\updater\release\updater.tlog\cl.command.1.tlog
c:\users\戴嘉震\documents\updater\updater\release\updater.tlog\cl.read.1.tlog
c:\users\戴嘉震\documents\updater\updater\release\updater.tlog\cl.write.1.tlog
c:\users\戴嘉震\documents\updater\updater\release\updater.tlog\link.command.1.tlog
c:\users\戴嘉震\documents\updater\updater\release\updater.tlog\link.read.1.tlog
c:\users\戴嘉震\documents\updater\updater\release\updater.tlog\link.write.1.tlog
c:\users\戴嘉震\documents\updater\updater\release\updater.tlog\rc.command.1.tlog
c:\users\戴嘉震\documents\updater\updater\release\updater.tlog\rc.read.1.tlog
c:\users\戴嘉震\documents\updater\updater\release\updater.tlog\rc.write.1.tlog
c:\users\戴嘉震\documents\updater\updater\release\updater.tlog\updater.write.1u.tlog
