f:\djz project\switcher\switcher\release\vc142.pdb
f:\djz project\switcher\switcher\release\.netframework,version=v4.5.2.assemblyattributes.obj
f:\djz project\switcher\switcher\release\.netframework,version=v4.5.2.assemblyattributes.asm
f:\djz project\switcher\switcher\release\myform.obj
f:\djz project\switcher\switcher\release\formabout.obj
f:\djz project\switcher\switcher\release\credits.obj
f:\djz project\switcher\switcher\release\checklang.obj
f:\djz project\switcher\release\switcher.exe
f:\djz project\switcher\release\switcher.pdb
f:\djz project\switcher\switcher\release\resource.res
f:\djz project\switcher\switcher\release\switcher.credits.resources
f:\djz project\switcher\switcher\release\switcher.formabout.resources
f:\djz project\switcher\switcher\release\switcher.myform.resources
f:\djz project\switcher\switcher\release\switcher.formabout.en.resources
f:\djz project\switcher\switcher\release\switcher.myform.en.resources
f:\djz project\switcher\release\en\switcher.resources.dll
f:\djz project\switcher\switcher\release\switcher.formabout.zh.resources
f:\djz project\switcher\release\zh\switcher.resources.dll
f:\djz project\switcher\switcher\release\switcher.credits.en.resources
f:\djz project\switcher\switcher\release\switcher.credits.zh.resources
f:\djz project\switcher\switcher\release\switcher.myform.zh.resources
f:\djz project\switcher\switcher\release\switcher.checklang.resources
f:\djz project\switcher\switcher\release\switcher.vcxproj.generateresource.cache
f:\djz project\switcher\switcher\release\switcher.vcxprojassemblyreference.cache
f:\djz project\switcher\switcher\release\switcher.tlog\cl.command.1.tlog
f:\djz project\switcher\switcher\release\switcher.tlog\cl.read.1.tlog
f:\djz project\switcher\switcher\release\switcher.tlog\cl.write.1.tlog
f:\djz project\switcher\switcher\release\switcher.tlog\link.command.1.tlog
f:\djz project\switcher\switcher\release\switcher.tlog\link.delete.1.tlog
f:\djz project\switcher\switcher\release\switcher.tlog\link.read.1.tlog
f:\djz project\switcher\switcher\release\switcher.tlog\link.write.1.tlog
f:\djz project\switcher\switcher\release\switcher.tlog\metagen.read.1.tlog
f:\djz project\switcher\switcher\release\switcher.tlog\metagen.write.1.tlog
f:\djz project\switcher\switcher\release\switcher.tlog\rc.command.1.tlog
f:\djz project\switcher\switcher\release\switcher.tlog\rc.read.1.tlog
f:\djz project\switcher\switcher\release\switcher.tlog\rc.write.1.tlog
f:\djz project\switcher\switcher\release\switcher.tlog\switcher.write.1u.tlog
